<?xml version="1.0" encoding="UTF-8"?>
<!-- Generated by org.testng.reporters.JUnitXMLReporter -->
<testsuite ignored="0" hostname="Laptop-OBS-316" failures="2" tests="3" name="Test" time="46.517" errors="0" timestamp="2022-12-06T21:49:52 IST">
  <testcase classname="MasterScript.RetmerlistScript" name="TC_01_titlevalidation" time="9.269"/>
  <testcase classname="MasterScript.RetmerlistScript" name="TC_02_retmercount" time="3.038">
    <failure type="java.lang.NullPointerException" message="Cannot invoke &amp;quot;String.split(String)&amp;quot; because &amp;quot;locator&amp;quot; is null">
      <![CDATA[java.lang.NullPointerException: Cannot invoke "String.split(String)" because "locator" is null
at TestBase.BaseClass.getlocators(BaseClass.java:159)
at TestBase.BaseClass.getwebElement(BaseClass.java:209)
at PageScript.Retmerlist.retmercount(Retmerlist.java:80)
at MasterScript.RetmerlistScript.TC_02_retmercount(RetmerlistScript.java:34)
at java.base/java.util.ArrayList.forEach(ArrayList.java:1511)
... Removed 27 stack frames]]>
    </failure>
  </testcase> <!-- TC_02_retmercount -->
  <testcase classname="MasterScript.RetmerlistScript" name="TC_03_retmerlistvalidation" time="34.178">
    <failure type="java.lang.IndexOutOfBoundsException" message="Index 0 out of bounds for length 0">
      <![CDATA[java.lang.IndexOutOfBoundsException: Index 0 out of bounds for length 0
at java.base/jdk.internal.util.Preconditions.outOfBounds(Preconditions.java:64)
at java.base/jdk.internal.util.Preconditions.outOfBoundsCheckIndex(Preconditions.java:70)
at java.base/jdk.internal.util.Preconditions.checkIndex(Preconditions.java:266)
at java.base/java.util.Objects.checkIndex(Objects.java:359)
at java.base/java.util.ArrayList.get(ArrayList.java:427)
at PageScript.Retmerlist.retmerlistvalidation(Retmerlist.java:129)
at MasterScript.RetmerlistScript.TC_03_retmerlistvalidation(RetmerlistScript.java:48)
at java.base/java.util.ArrayList.forEach(ArrayList.java:1511)
... Removed 27 stack frames]]>
    </failure>
  </testcase> <!-- TC_03_retmerlistvalidation -->
</testsuite> <!-- Test -->
