<?xml version="1.0" encoding="UTF-8"?>
<testng-results ignored="0" total="3" passed="1" failed="2" skipped="0">
  <reporter-output>
    <line>
      <![CDATA[Verify selected deel name is appeared in the title]]>
    </line>
    <line>
      <![CDATA[Actual Value : "DeeL - "Milk Expected value : DeeL - Milk]]>
    </line>
    <line>
      <![CDATA[Count of retmers against deel]]>
    </line>
    <line>
      <![CDATA[Verify search results appeared keywords]]>
    </line>
  </reporter-output>
  <suite started-at="2022-12-06T21:49:06 IST" name="Suite" finished-at="2022-12-06T21:49:52 IST" duration-ms="46517">
    <groups>
    </groups>
    <test started-at="2022-12-06T21:49:06 IST" name="Test" finished-at="2022-12-06T21:49:52 IST" duration-ms="46517">
      <class name="MasterScript.RetmerlistScript">
        <test-method is-config="true" signature="setup()[pri:0, instance:MasterScript.RetmerlistScript@201a4587]" started-at="2022-12-06T21:48:38 IST" name="setup" finished-at="2022-12-06T21:49:06 IST" duration-ms="28028" status="PASS">
          <reporter-output>
          </reporter-output>
        </test-method> <!-- setup -->
        <test-method signature="TC_01_titlevalidation()[pri:1, instance:MasterScript.RetmerlistScript@201a4587]" started-at="2022-12-06T21:49:06 IST" name="TC_01_titlevalidation" finished-at="2022-12-06T21:49:15 IST" duration-ms="9269" status="PASS">
          <reporter-output>
            <line>
              <![CDATA[Verify selected deel name is appeared in the title]]>
            </line>
            <line>
              <![CDATA[Actual Value : "DeeL - "Milk Expected value : DeeL - Milk]]>
            </line>
          </reporter-output>
        </test-method> <!-- TC_01_titlevalidation -->
        <test-method is-config="true" signature="tearDown(org.testng.ITestResult)[pri:0, instance:MasterScript.RetmerlistScript@201a4587]" started-at="2022-12-06T21:49:15 IST" name="tearDown" finished-at="2022-12-06T21:49:15 IST" duration-ms="2" status="PASS">
          <params>
            <param index="0">
              <value>
                <![CDATA[[TestResult name=TC_01_titlevalidation status=SUCCESS method=RetmerlistScript.TC_01_titlevalidation()[pri:1, instance:MasterScript.RetmerlistScript@201a4587] output=Verify selected deel name is appeared in the title]]]>
              </value>
            </param>
          </params>
          <reporter-output>
          </reporter-output>
        </test-method> <!-- tearDown -->
        <test-method signature="TC_02_retmercount()[pri:2, instance:MasterScript.RetmerlistScript@201a4587]" started-at="2022-12-06T21:49:15 IST" name="TC_02_retmercount" finished-at="2022-12-06T21:49:18 IST" duration-ms="3038" status="FAIL">
          <exception class="java.lang.NullPointerException">
            <message>
              <![CDATA[Cannot invoke "String.split(String)" because "locator" is null]]>
            </message>
            <full-stacktrace>
              <![CDATA[java.lang.NullPointerException: Cannot invoke "String.split(String)" because "locator" is null
at TestBase.BaseClass.getlocators(BaseClass.java:159)
at TestBase.BaseClass.getwebElement(BaseClass.java:209)
at PageScript.Retmerlist.retmercount(Retmerlist.java:80)
at MasterScript.RetmerlistScript.TC_02_retmercount(RetmerlistScript.java:34)
at java.base/jdk.internal.reflect.NativeMethodAccessorImpl.invoke0(Native Method)
at java.base/jdk.internal.reflect.NativeMethodAccessorImpl.invoke(NativeMethodAccessorImpl.java:77)
at java.base/jdk.internal.reflect.DelegatingMethodAccessorImpl.invoke(DelegatingMethodAccessorImpl.java:43)
at java.base/java.lang.reflect.Method.invoke(Method.java:568)
at org.testng.internal.MethodInvocationHelper.invokeMethod(MethodInvocationHelper.java:133)
at org.testng.internal.TestInvoker.invokeMethod(TestInvoker.java:598)
at org.testng.internal.TestInvoker.invokeTestMethod(TestInvoker.java:173)
at org.testng.internal.MethodRunner.runInSequence(MethodRunner.java:46)
at org.testng.internal.TestInvoker$MethodInvocationAgent.invoke(TestInvoker.java:824)
at org.testng.internal.TestInvoker.invokeTestMethods(TestInvoker.java:146)
at org.testng.internal.TestMethodWorker.invokeTestMethods(TestMethodWorker.java:146)
at org.testng.internal.TestMethodWorker.run(TestMethodWorker.java:128)
at java.base/java.util.ArrayList.forEach(ArrayList.java:1511)
at org.testng.TestRunner.privateRun(TestRunner.java:794)
at org.testng.TestRunner.run(TestRunner.java:596)
at org.testng.SuiteRunner.runTest(SuiteRunner.java:377)
at org.testng.SuiteRunner.runSequentially(SuiteRunner.java:371)
at org.testng.SuiteRunner.privateRun(SuiteRunner.java:332)
at org.testng.SuiteRunner.run(SuiteRunner.java:276)
at org.testng.SuiteRunnerWorker.runSuite(SuiteRunnerWorker.java:53)
at org.testng.SuiteRunnerWorker.run(SuiteRunnerWorker.java:96)
at org.testng.TestNG.runSuitesSequentially(TestNG.java:1212)
at org.testng.TestNG.runSuitesLocally(TestNG.java:1134)
at org.testng.TestNG.runSuites(TestNG.java:1063)
at org.testng.TestNG.run(TestNG.java:1031)
at org.testng.remote.AbstractRemoteTestNG.run(AbstractRemoteTestNG.java:115)
at org.testng.remote.RemoteTestNG.initAndRun(RemoteTestNG.java:251)
at org.testng.remote.RemoteTestNG.main(RemoteTestNG.java:77)
]]>
            </full-stacktrace>
          </exception> <!-- java.lang.NullPointerException -->
          <reporter-output>
            <line>
              <![CDATA[Count of retmers against deel]]>
            </line>
          </reporter-output>
        </test-method> <!-- TC_02_retmercount -->
        <test-method is-config="true" signature="tearDown(org.testng.ITestResult)[pri:0, instance:MasterScript.RetmerlistScript@201a4587]" started-at="2022-12-06T21:49:18 IST" name="tearDown" finished-at="2022-12-06T21:49:18 IST" duration-ms="0" status="PASS">
          <params>
            <param index="0">
              <value>
                <![CDATA[[TestResult name=TC_02_retmercount status=FAILURE method=RetmerlistScript.TC_02_retmercount()[pri:2, instance:MasterScript.RetmerlistScript@201a4587] output=Count of retmers against deel]]]>
              </value>
            </param>
          </params>
          <reporter-output>
          </reporter-output>
        </test-method> <!-- tearDown -->
        <test-method signature="TC_03_retmerlistvalidation()[pri:3, instance:MasterScript.RetmerlistScript@201a4587]" started-at="2022-12-06T21:49:18 IST" name="TC_03_retmerlistvalidation" finished-at="2022-12-06T21:49:52 IST" duration-ms="34178" status="FAIL">
          <exception class="java.lang.IndexOutOfBoundsException">
            <message>
              <![CDATA[Index 0 out of bounds for length 0]]>
            </message>
            <full-stacktrace>
              <![CDATA[java.lang.IndexOutOfBoundsException: Index 0 out of bounds for length 0
at java.base/jdk.internal.util.Preconditions.outOfBounds(Preconditions.java:64)
at java.base/jdk.internal.util.Preconditions.outOfBoundsCheckIndex(Preconditions.java:70)
at java.base/jdk.internal.util.Preconditions.checkIndex(Preconditions.java:266)
at java.base/java.util.Objects.checkIndex(Objects.java:359)
at java.base/java.util.ArrayList.get(ArrayList.java:427)
at PageScript.Retmerlist.retmerlistvalidation(Retmerlist.java:129)
at MasterScript.RetmerlistScript.TC_03_retmerlistvalidation(RetmerlistScript.java:48)
at java.base/jdk.internal.reflect.NativeMethodAccessorImpl.invoke0(Native Method)
at java.base/jdk.internal.reflect.NativeMethodAccessorImpl.invoke(NativeMethodAccessorImpl.java:77)
at java.base/jdk.internal.reflect.DelegatingMethodAccessorImpl.invoke(DelegatingMethodAccessorImpl.java:43)
at java.base/java.lang.reflect.Method.invoke(Method.java:568)
at org.testng.internal.MethodInvocationHelper.invokeMethod(MethodInvocationHelper.java:133)
at org.testng.internal.TestInvoker.invokeMethod(TestInvoker.java:598)
at org.testng.internal.TestInvoker.invokeTestMethod(TestInvoker.java:173)
at org.testng.internal.MethodRunner.runInSequence(MethodRunner.java:46)
at org.testng.internal.TestInvoker$MethodInvocationAgent.invoke(TestInvoker.java:824)
at org.testng.internal.TestInvoker.invokeTestMethods(TestInvoker.java:146)
at org.testng.internal.TestMethodWorker.invokeTestMethods(TestMethodWorker.java:146)
at org.testng.internal.TestMethodWorker.run(TestMethodWorker.java:128)
at java.base/java.util.ArrayList.forEach(ArrayList.java:1511)
at org.testng.TestRunner.privateRun(TestRunner.java:794)
at org.testng.TestRunner.run(TestRunner.java:596)
at org.testng.SuiteRunner.runTest(SuiteRunner.java:377)
at org.testng.SuiteRunner.runSequentially(SuiteRunner.java:371)
at org.testng.SuiteRunner.privateRun(SuiteRunner.java:332)
at org.testng.SuiteRunner.run(SuiteRunner.java:276)
at org.testng.SuiteRunnerWorker.runSuite(SuiteRunnerWorker.java:53)
at org.testng.SuiteRunnerWorker.run(SuiteRunnerWorker.java:96)
at org.testng.TestNG.runSuitesSequentially(TestNG.java:1212)
at org.testng.TestNG.runSuitesLocally(TestNG.java:1134)
at org.testng.TestNG.runSuites(TestNG.java:1063)
at org.testng.TestNG.run(TestNG.java:1031)
at org.testng.remote.AbstractRemoteTestNG.run(AbstractRemoteTestNG.java:115)
at org.testng.remote.RemoteTestNG.initAndRun(RemoteTestNG.java:251)
at org.testng.remote.RemoteTestNG.main(RemoteTestNG.java:77)
]]>
            </full-stacktrace>
          </exception> <!-- java.lang.IndexOutOfBoundsException -->
          <reporter-output>
            <line>
              <![CDATA[Verify search results appeared keywords]]>
            </line>
          </reporter-output>
        </test-method> <!-- TC_03_retmerlistvalidation -->
        <test-method is-config="true" signature="tearDown(org.testng.ITestResult)[pri:0, instance:MasterScript.RetmerlistScript@201a4587]" started-at="2022-12-06T21:49:52 IST" name="tearDown" finished-at="2022-12-06T21:49:52 IST" duration-ms="1" status="PASS">
          <params>
            <param index="0">
              <value>
                <![CDATA[[TestResult name=TC_03_retmerlistvalidation status=FAILURE method=RetmerlistScript.TC_03_retmerlistvalidation()[pri:3, instance:MasterScript.RetmerlistScript@201a4587] output=Verify search results appeared keywords]]]>
              </value>
            </param>
          </params>
          <reporter-output>
          </reporter-output>
        </test-method> <!-- tearDown -->
        <test-method is-config="true" signature="endReport()[pri:0, instance:MasterScript.RetmerlistScript@201a4587]" started-at="2022-12-06T21:49:52 IST" name="endReport" finished-at="2022-12-06T21:49:58 IST" duration-ms="6275" status="PASS">
          <reporter-output>
          </reporter-output>
        </test-method> <!-- endReport -->
      </class> <!-- MasterScript.RetmerlistScript -->
    </test> <!-- Test -->
  </suite> <!-- Suite -->
</testng-results>
